<?xml version="1.0" encoding="UTF-8"?>
<testsuite name="Start" tests="1" skipped="0" failures="0" errors="0" timestamp="2022-06-15T17:15:21" hostname="LAPTOP-60KTD0SH" time="10.484">
  <properties/>
  <testcase name="start" classname="Start" time="10.484"/>
  <system-out><![CDATA[]]></system-out>
  <system-err><![CDATA[1655313321591	geckodriver	INFO	Listening on 127.0.0.1:64355
1655313322470	mozrunner::runner	INFO	Running command: "C:\\Program Files\\Mozilla Firefox\\firefox.exe" "--marionette" "--remote-debugging-port" "64027" "--remote-allow-hosts" "localhost" "--remote-allow-origins" "http://localhost:64027/" "-no-remote" "-profile" "C:\\Users\\alexa\\AppData\\Local\\Temp\\rust_mozprofile3wfXo4"
1655313322814	Marionette	INFO	Marionette enabled
WebDriver BiDi listening on ws://localhost:64027
console.warn: SearchSettings: "get: No settings file exists, new profile?" (new NotFoundError("Could not open the file at C:\\Users\\alexa\\AppData\\Local\\Temp\\rust_mozprofile3wfXo4\\search.json.mozlz4", (void 0)))
1655313324616	Marionette	INFO	Listening on port 59758
DevTools listening on ws://localhost:64027/devtools/browser/10cc5376-fb55-450c-9ab4-a717c0373203
Read port: 59758
1655313324708	RemoteAgent	WARN	TLS certificate errors will be ignored for this session
Jun 15, 2022 8:15:24 PM org.openqa.selenium.remote.ProtocolHandshake createSession
INFO: Detected upstream dialect: W3C
1655313326267	geckodriver	INFO	Listening on 127.0.0.1:62280
1655313326773	mozrunner::runner	INFO	Running command: "C:\\Program Files\\Mozilla Firefox\\firefox.exe" "--marionette" "--remote-debugging-port" "61767" "--remote-allow-hosts" "localhost" "--remote-allow-origins" "http://localhost:61767/" "-no-remote" "-profile" "C:\\Users\\alexa\\AppData\\Local\\Temp\\rust_mozprofilenMoah5"
1655313327065	Marionette	INFO	Marionette enabled
WebDriver BiDi listening on ws://localhost:61767
console.warn: SearchSettings: "get: No settings file exists, new profile?" (new NotFoundError("Could not open the file at C:\\Users\\alexa\\AppData\\Local\\Temp\\rust_mozprofilenMoah5\\search.json.mozlz4", (void 0)))
1655313328782	Marionette	INFO	Listening on port 59798
DevTools listening on ws://localhost:61767/devtools/browser/da19e230-ed27-4b2d-b3d8-7b4e85b414a0
Read port: 59798
1655313328884	RemoteAgent	WARN	TLS certificate errors will be ignored for this session
Jun 15, 2022 8:15:28 PM org.openqa.selenium.remote.ProtocolHandshake createSession
INFO: Detected upstream dialect: W3C
]]></system-err>
</testsuite>
