<?xml version="1.0" encoding="UTF-8"?>
<testsuite name="Start" tests="1" skipped="0" failures="0" errors="0" timestamp="2022-06-18T12:36:38" hostname="LAPTOP-60KTD0SH" time="6.883">
  <properties/>
  <testcase name="startReg2Success" classname="Start" time="6.883"/>
  <system-out><![CDATA[]]></system-out>
  <system-err><![CDATA[1655555799026	geckodriver	INFO	Listening on 127.0.0.1:57523
1655555800182	mozrunner::runner	INFO	Running command: "C:\\Program Files\\Mozilla Firefox\\firefox.exe" "--marionette" "--remote-debugging-port" "65092" "--remote-allow-hosts" "localhost" "--remote-allow-origins" "http://localhost:65092/" "-no-remote" "-profile" "C:\\Users\\alexa\\AppData\\Local\\Temp\\rust_mozprofilekA0ndz"
1655555800658	Marionette	INFO	Marionette enabled
WebDriver BiDi listening on ws://localhost:65092
console.warn: SearchSettings: "get: No settings file exists, new profile?" (new NotFoundError("Could not open the file at C:\\Users\\alexa\\AppData\\Local\\Temp\\rust_mozprofilekA0ndz\\search.json.mozlz4", (void 0)))
1655555803199	Marionette	INFO	Listening on port 54129
Read port: 54129
1655555803231	RemoteAgent	WARN	TLS certificate errors will be ignored for this session
DevTools listening on ws://localhost:65092/devtools/browser/d815c38d-67f5-4900-9301-e8d7370d3f47
Jun 18, 2022 3:36:43 PM org.openqa.selenium.remote.ProtocolHandshake createSession
INFO: Detected upstream dialect: W3C
]]></system-err>
</testsuite>
