<?xml version="1.0" encoding="UTF-8"?>
<testsuite name="Start" tests="1" skipped="0" failures="0" errors="0" timestamp="2022-06-15T17:06:33" hostname="LAPTOP-60KTD0SH" time="10.145">
  <properties/>
  <testcase name="start" classname="Start" time="10.145"/>
  <system-out><![CDATA[]]></system-out>
  <system-err><![CDATA[1655312793910	geckodriver	INFO	Listening on 127.0.0.1:63275
1655312794783	mozrunner::runner	INFO	Running command: "C:\\Program Files\\Mozilla Firefox\\firefox.exe" "--marionette" "--remote-debugging-port" "55755" "--remote-allow-hosts" "localhost" "--remote-allow-origins" "http://localhost:55755/" "-no-remote" "-profile" "C:\\Users\\alexa\\AppData\\Local\\Temp\\rust_mozprofile1aEuQD"
1655312795062	Marionette	INFO	Marionette enabled
WebDriver BiDi listening on ws://localhost:55755
console.warn: SearchSettings: "get: No settings file exists, new profile?" (new NotFoundError("Could not open the file at C:\\Users\\alexa\\AppData\\Local\\Temp\\rust_mozprofile1aEuQD\\search.json.mozlz4", (void 0)))
1655312796876	Marionette	INFO	Listening on port 61803
Read port: 61803
1655312796912	RemoteAgent	WARN	TLS certificate errors will be ignored for this session
DevTools listening on ws://localhost:55755/devtools/browser/f371dde9-e1fa-4966-ae70-497d9e0035be
Jun 15, 2022 8:06:36 PM org.openqa.selenium.remote.ProtocolHandshake createSession
INFO: Detected upstream dialect: W3C
1655312798061	geckodriver	INFO	Listening on 127.0.0.1:57386
1655312798564	mozrunner::runner	INFO	Running command: "C:\\Program Files\\Mozilla Firefox\\firefox.exe" "--marionette" "--remote-debugging-port" "57550" "--remote-allow-hosts" "localhost" "--remote-allow-origins" "http://localhost:57550/" "-no-remote" "-profile" "C:\\Users\\alexa\\AppData\\Local\\Temp\\rust_mozprofileAeq9ti"
1655312799702	Marionette	INFO	Marionette enabled
WebDriver BiDi listening on ws://localhost:57550
console.warn: SearchSettings: "get: No settings file exists, new profile?" (new NotFoundError("Could not open the file at C:\\Users\\alexa\\AppData\\Local\\Temp\\rust_mozprofileAeq9ti\\search.json.mozlz4", (void 0)))
1655312801420	Marionette	INFO	Listening on port 61846
DevTools listening on ws://localhost:57550/devtools/browser/626c3cd8-5648-4653-8822-016033a04211
Read port: 61846
1655312801543	RemoteAgent	WARN	TLS certificate errors will be ignored for this session
Jun 15, 2022 8:06:41 PM org.openqa.selenium.remote.ProtocolHandshake createSession
INFO: Detected upstream dialect: W3C
]]></system-err>
</testsuite>
