<?xml version="1.0" encoding="UTF-8"?>
<testsuite name="Start" tests="1" skipped="0" failures="1" errors="0" timestamp="2022-06-12T17:28:39" hostname="LAPTOP-60KTD0SH" time="9.6">
  <properties/>
  <testcase name="start" classname="Start" time="9.6">
    <failure message="org.openqa.selenium.NoSuchSessionException: Tried to run command without establishing a connection&#10;Build info: version: '4.2.2', revision: '683ccb65d6'&#10;System info: host: 'LAPTOP-60KTD0SH', ip: '192.168.192.118', os.name: 'Windows 10', os.arch: 'amd64', os.version: '10.0', java.version: '11.0.15'&#10;Driver info: org.openqa.selenium.firefox.FirefoxDriver&#10;Command: [f5840773-9a29-4c7f-a6f0-bbfa575487c3, quit {}]&#10;Capabilities {acceptInsecureCerts: true, browserName: firefox, browserVersion: 101.0.1, moz:accessibilityChecks: false, moz:buildID: 20220608170832, moz:debuggerAddress: localhost:62622, moz:geckodriverVersion: 0.31.0, moz:headless: false, moz:processID: 6580, moz:profile: C:\Users\alexa\AppData\Loca..., moz:shutdownTimeout: 60000, moz:useNonSpecCompliantPointerOrigin: false, moz:webdriverClick: true, pageLoadStrategy: normal, platformName: WINDOWS, platformVersion: 10.0, proxy: Proxy(), se:cdp: ws://localhost:62622/devtoo..., se:cdpVersion: 85.0, setWindowRect: true, strictFileInteractability: false, timeouts: {implicit: 0, pageLoad: 300000, script: 30000}, unhandledPromptBehavior: dismiss and notify}&#10;Session ID: f5840773-9a29-4c7f-a6f0-bbfa575487c3" type="org.openqa.selenium.NoSuchSessionException">org.openqa.selenium.NoSuchSessionException: Tried to run command without establishing a connection
Build info: version: '4.2.2', revision: '683ccb65d6'
System info: host: 'LAPTOP-60KTD0SH', ip: '192.168.192.118', os.name: 'Windows 10', os.arch: 'amd64', os.version: '10.0', java.version: '11.0.15'
Driver info: org.openqa.selenium.firefox.FirefoxDriver
Command: [f5840773-9a29-4c7f-a6f0-bbfa575487c3, quit {}]
Capabilities {acceptInsecureCerts: true, browserName: firefox, browserVersion: 101.0.1, moz:accessibilityChecks: false, moz:buildID: 20220608170832, moz:debuggerAddress: localhost:62622, moz:geckodriverVersion: 0.31.0, moz:headless: false, moz:processID: 6580, moz:profile: C:\Users\alexa\AppData\Loca..., moz:shutdownTimeout: 60000, moz:useNonSpecCompliantPointerOrigin: false, moz:webdriverClick: true, pageLoadStrategy: normal, platformName: WINDOWS, platformVersion: 10.0, proxy: Proxy(), se:cdp: ws://localhost:62622/devtoo..., se:cdpVersion: 85.0, setWindowRect: true, strictFileInteractability: false, timeouts: {implicit: 0, pageLoad: 300000, script: 30000}, unhandledPromptBehavior: dismiss and notify}
Session ID: f5840773-9a29-4c7f-a6f0-bbfa575487c3
	at java.base@11.0.15/jdk.internal.reflect.NativeConstructorAccessorImpl.newInstance0(Native Method)
	at java.base@11.0.15/jdk.internal.reflect.NativeConstructorAccessorImpl.newInstance(NativeConstructorAccessorImpl.java:62)
	at java.base@11.0.15/jdk.internal.reflect.DelegatingConstructorAccessorImpl.newInstance(DelegatingConstructorAccessorImpl.java:45)
	at java.base@11.0.15/java.lang.reflect.Constructor.newInstance(Constructor.java:490)
	at app//org.openqa.selenium.remote.codec.w3c.W3CHttpResponseCodec.createException(W3CHttpResponseCodec.java:200)
	at app//org.openqa.selenium.remote.codec.w3c.W3CHttpResponseCodec.decode(W3CHttpResponseCodec.java:133)
	at app//org.openqa.selenium.remote.codec.w3c.W3CHttpResponseCodec.decode(W3CHttpResponseCodec.java:53)
	at app//org.openqa.selenium.remote.HttpCommandExecutor.execute(HttpCommandExecutor.java:184)
	at app//org.openqa.selenium.remote.service.DriverCommandExecutor.invokeExecute(DriverCommandExecutor.java:167)
	at app//org.openqa.selenium.remote.service.DriverCommandExecutor.lambda$execute$1(DriverCommandExecutor.java:105)
	at java.base@11.0.15/java.util.concurrent.CompletableFuture$AsyncSupply.run(CompletableFuture.java:1700)
	at java.base@11.0.15/java.util.concurrent.ThreadPoolExecutor.runWorker(ThreadPoolExecutor.java:1128)
	at java.base@11.0.15/java.util.concurrent.ThreadPoolExecutor$Worker.run(ThreadPoolExecutor.java:628)
	at java.base@11.0.15/java.lang.Thread.run(Thread.java:834)
</failure>
  </testcase>
  <system-out><![CDATA[]]></system-out>
  <system-err><![CDATA[1655054919906	geckodriver	INFO	Listening on 127.0.0.1:60327
1655054920971	mozrunner::runner	INFO	Running command: "C:\\Program Files\\Mozilla Firefox\\firefox.exe" "--marionette" "--remote-debugging-port" "62622" "--remote-allow-hosts" "localhost" "--remote-allow-origins" "http://localhost:62622/" "-no-remote" "-profile" "C:\\Users\\alexa\\AppData\\Local\\Temp\\rust_mozprofilesf3Zvw"
1655054921448	Marionette	INFO	Marionette enabled
WebDriver BiDi listening on ws://localhost:62622
console.warn: SearchSettings: "get: No settings file exists, new profile?" (new NotFoundError("Could not open the file at C:\\Users\\alexa\\AppData\\Local\\Temp\\rust_mozprofilesf3Zvw\\search.json.mozlz4", (void 0)))
1655054924085	Marionette	INFO	Listening on port 49762
DevTools listening on ws://localhost:62622/devtools/browser/75a170df-76ce-4b8c-a6be-6570bd79fa1f
Read port: 49762
1655054924145	RemoteAgent	WARN	TLS certificate errors will be ignored for this session
Jun 12, 2022 8:28:44 PM org.openqa.selenium.remote.ProtocolHandshake createSession
INFO: Detected upstream dialect: W3C
1655054927622	CDP	ERROR	Invalid browser preferences for CDP. Set "fission.webContentIsolationStrategy"to 0 and "fission.bfcacheInParent" to false before Firefox starts.
Jun 12, 2022 8:28:47 PM org.openqa.selenium.devtools.CdpVersionFinder findNearestMatch
INFO: Found exact CDP implementation for version 85
1655054927694	Marionette	INFO	Stopped listening on port 49762

###!!! [Parent][PGPUParent] Error: RunMessage(msgname=PGPU::Msg_ShutdownVR) Channel closing: too late to send/recv, messages will be lost

]]></system-err>
</testsuite>
